<?xml version="1.0" encoding="UTF-8"?>
<testng-results ignored="0" total="1" passed="1" failed="0" skipped="0">
  <reporter-output>
  </reporter-output>
  <suite started-at="2022-11-23T09:46:32 IST" name="Suite" finished-at="2022-11-23T09:46:48 IST" duration-ms="15974">
    <groups>
    </groups>
    <test started-at="2022-11-23T09:46:32 IST" name="Test" finished-at="2022-11-23T09:46:48 IST" duration-ms="15974">
      <class name="CartPriceVerify.CartTotal">
        <test-method signature="Cartprice()[pri:0, instance:CartPriceVerify.CartTotal@5f058f00]" started-at="2022-11-23T09:46:32 IST" name="Cartprice" finished-at="2022-11-23T09:46:48 IST" duration-ms="15908" status="PASS">
          <reporter-output>
          </reporter-output>
        </test-method> <!-- Cartprice -->
      </class> <!-- CartPriceVerify.CartTotal -->
    </test> <!-- Test -->
  </suite> <!-- Suite -->
</testng-results>
